<?xml version="1.0" encoding="UTF-8"?>
<testsuite xmlns:xsi="http://www.w3.org/2001/XMLSchema-instance" xsi:schemaLocation="https://maven.apache.org/surefire/maven-surefire-plugin/xsd/surefire-test-report.xsd" name="TestSuite" time="127.312" tests="44" errors="0" skipped="0" failures="2">
  <properties>
[...]
</properties>
  <testcase name="cityFieldAsteriskIsDisplayed" classname="HotelPageTest" time="0.04"/>
  <testcase name="cityFieldIsDisplayed" classname="HotelPageTest" time="0.03"/>
  <testcase name="cityFieldIsEditable" classname="HotelPageTest" time="0.292">
    <failure message="stale element reference: element is not attached to the page document&#10;  (Session info: chrome=72.0.3626.121)&#10;  (Driver info: chromedriver=2.46.628411 (3324f4c8be9ff2f70a05a30ebc72ffb013e1a71e),platform=Mac OS X 10.12.6 x86_64) (WARNING: The server did not provide any stacktrace information)&#10;Command duration or timeout: 0 milliseconds&#10;For documentation on this error, please visit: http://seleniumhq.org/exceptions/stale_element_reference.html&#10;Build info: version: &apos;3.14.0&apos;, revision: &apos;aacccce0&apos;, time: &apos;2018-08-02T20:19:58.91Z&apos;&#10;System info: host: &apos;MacBook-Pro-Konstantin.local&apos;, ip: &apos;fe80:0:0:0:1c05:45ab:b777:ed96%en0&apos;, os.name: &apos;Mac OS X&apos;, os.arch: &apos;x86_64&apos;, os.version: &apos;10.12.6&apos;, java.version: &apos;1.8.0_201&apos;&#10;Driver info: org.openqa.selenium.chrome.ChromeDriver&#10;Capabilities {acceptInsecureCerts: false, acceptSslCerts: false, applicationCacheEnabled: false, browserConnectionEnabled: false, browserName: chrome, chrome: {chromedriverVersion: 2.46.628411 (3324f4c8be9ff2..., userDataDir: /var/folders/1r/wjzc4zts3sb...}, cssSelectorsEnabled: true, databaseEnabled: false, goog:chromeOptions: {debuggerAddress: localhost:50051}, handlesAlerts: true, hasTouchScreen: false, javascriptEnabled: true, locationContextEnabled: true, mobileEmulationEnabled: false, nativeEvents: true, networkConnectionEnabled: false, pageLoadStrategy: normal, platform: MAC, platformName: MAC, proxy: Proxy(), rotatable: false, setWindowRect: true, strictFileInteractability: false, takesHeapSnapshot: true, takesScreenshot: true, timeouts: {implicit: 0, pageLoad: 300000, script: 30000}, unexpectedAlertBehaviour: ignore, unhandledPromptBehavior: ignore, version: 72.0.3626.121, webStorageEnabled: true}&#10;Session ID: 934d11a44ad6e4338464ef5906224ae4" type="org.openqa.selenium.StaleElementReferenceException">org.openqa.selenium.StaleElementReferenceException: 
stale element reference: element is not attached to the page document
  (Session info: chrome=72.0.3626.121)
  (Driver info: chromedriver=2.46.628411 (3324f4c8be9ff2f70a05a30ebc72ffb013e1a71e),platform=Mac OS X 10.12.6 x86_64) (WARNING: The server did not provide any stacktrace information)
Command duration or timeout: 0 milliseconds
For documentation on this error, please visit: http://seleniumhq.org/exceptions/stale_element_reference.html
Build info: version: '3.14.0', revision: 'aacccce0', time: '2018-08-02T20:19:58.91Z'
System info: host: 'MacBook-Pro-Konstantin.local', ip: 'fe80:0:0:0:1c05:45ab:b777:ed96%en0', os.name: 'Mac OS X', os.arch: 'x86_64', os.version: '10.12.6', java.version: '1.8.0_201'
Driver info: org.openqa.selenium.chrome.ChromeDriver
Capabilities {acceptInsecureCerts: false, acceptSslCerts: false, applicationCacheEnabled: false, browserConnectionEnabled: false, browserName: chrome, chrome: {chromedriverVersion: 2.46.628411 (3324f4c8be9ff2..., userDataDir: /var/folders/1r/wjzc4zts3sb...}, cssSelectorsEnabled: true, databaseEnabled: false, goog:chromeOptions: {debuggerAddress: localhost:50051}, handlesAlerts: true, hasTouchScreen: false, javascriptEnabled: true, locationContextEnabled: true, mobileEmulationEnabled: false, nativeEvents: true, networkConnectionEnabled: false, pageLoadStrategy: normal, platform: MAC, platformName: MAC, proxy: Proxy(), rotatable: false, setWindowRect: true, strictFileInteractability: false, takesHeapSnapshot: true, takesScreenshot: true, timeouts: {implicit: 0, pageLoad: 300000, script: 30000}, unexpectedAlertBehaviour: ignore, unhandledPromptBehavior: ignore, version: 72.0.3626.121, webStorageEnabled: true}
Session ID: 934d11a44ad6e4338464ef5906224ae4
	at HotelPageTest.cityFieldIsEditable(HotelPageTest.java:253)
</failure>
    <system-err><![CDATA[Starting ChromeDriver 2.46.628411 (3324f4c8be9ff2f70a05a30ebc72ffb013e1a71e) on port 45197
Only local connections are allowed.
Please protect ports used by ChromeDriver and related test frameworks to prevent access by malicious code.
мар 06, 2019 8:53:50 PM org.openqa.selenium.remote.ProtocolHandshake createSession
INFO: Detected dialect: OSS
]]></system-err>
  </testcase>
  <testcase name="countryFieldIsDisplayed" classname="HotelPageTest" time="0.034"/>
  <testcase name="countryFieldIsEditable" classname="HotelPageTest" time="0.778"/>
  <testcase name="coutryFieldAsteriskIsDisplayed" classname="HotelPageTest" time="0.036"/>
  <testcase name="dateOfConstructionEditable" classname="HotelPageTest" time="0.3"/>
  <testcase name="dateOfConstructionEmptyFieldErrorMessage" classname="HotelPageTest" time="0.292"/>
  <testcase name="dateOfConstructionFieldIsDisplayed" classname="HotelPageTest" time="0.051"/>
  <testcase name="dateOfConstructionFieldIsMarkedAsterisk" classname="HotelPageTest" time="0.032"/>
  <testcase name="dateOfConstructionIncorrectMessage" classname="HotelPageTest" time="0.434"/>
  <testcase name="dateOfConstuctionValidField" classname="HotelPageTest" time="0.183"/>
  <testcase name="descriptionAlphanumericCharacters" classname="HotelPageTest" time="0.264"/>
  <testcase name="descriptionFieldAsteriskIsDisplayed" classname="HotelPageTest" time="0.03"/>
  <testcase name="descriptionFieldIsDisplayed" classname="HotelPageTest" time="0.029"/>
  <testcase name="descriptionFieldIsEditable" classname="HotelPageTest" time="0.305"/>
  <testcase name="globalRatingFieldAllowsHotelRating" classname="HotelPageTest" time="0.147"/>
  <testcase name="globalRatingFieldIsDisplayed" classname="HotelPageTest" time="0.028"/>
  <testcase name="isNotPossibleToEnterEmptyCityField" classname="HotelPageTest" time="0.697"/>
  <testcase name="isNotPossibleToSaveEmptyDescription" classname="HotelPageTest" time="0.255"/>
  <testcase name="isNotPossibleToSaveEmptyField" classname="HotelPageTest" time="0.462"/>
  <testcase name="isNotPossibleToSaveEmptyShortDescription" classname="HotelPageTest" time="0.455"/>
  <testcase name="isPossibleToEnterValidNameField" classname="HotelPageTest" time="1.145"/>
  <testcase name="isPossibleToInputAlphanumericCharacters" classname="HotelPageTest" time="0.161"/>
  <testcase name="isPossibleToSaveEmptyNote" classname="HotelPageTest" time="0.39"/>
  <testcase name="isPossibleToSaveGlobalRatingField" classname="HotelPageTest" time="0.32"/>
  <testcase name="isPossibleToSaveValidCity" classname="HotelPageTest" time="0.195">
    <failure message="stale element reference: element is not attached to the page document&#10;  (Session info: chrome=72.0.3626.121)&#10;  (Driver info: chromedriver=2.46.628411 (3324f4c8be9ff2f70a05a30ebc72ffb013e1a71e),platform=Mac OS X 10.12.6 x86_64) (WARNING: The server did not provide any stacktrace information)&#10;Command duration or timeout: 0 milliseconds&#10;For documentation on this error, please visit: http://seleniumhq.org/exceptions/stale_element_reference.html&#10;Build info: version: &apos;3.14.0&apos;, revision: &apos;aacccce0&apos;, time: &apos;2018-08-02T20:19:58.91Z&apos;&#10;System info: host: &apos;MacBook-Pro-Konstantin.local&apos;, ip: &apos;fe80:0:0:0:1c05:45ab:b777:ed96%en0&apos;, os.name: &apos;Mac OS X&apos;, os.arch: &apos;x86_64&apos;, os.version: &apos;10.12.6&apos;, java.version: &apos;1.8.0_201&apos;&#10;Driver info: org.openqa.selenium.chrome.ChromeDriver&#10;Capabilities {acceptInsecureCerts: false, acceptSslCerts: false, applicationCacheEnabled: false, browserConnectionEnabled: false, browserName: chrome, chrome: {chromedriverVersion: 2.46.628411 (3324f4c8be9ff2..., userDataDir: /var/folders/1r/wjzc4zts3sb...}, cssSelectorsEnabled: true, databaseEnabled: false, goog:chromeOptions: {debuggerAddress: localhost:50911}, handlesAlerts: true, hasTouchScreen: false, javascriptEnabled: true, locationContextEnabled: true, mobileEmulationEnabled: false, nativeEvents: true, networkConnectionEnabled: false, pageLoadStrategy: normal, platform: MAC, platformName: MAC, proxy: Proxy(), rotatable: false, setWindowRect: true, strictFileInteractability: false, takesHeapSnapshot: true, takesScreenshot: true, timeouts: {implicit: 0, pageLoad: 300000, script: 30000}, unexpectedAlertBehaviour: ignore, unhandledPromptBehavior: ignore, version: 72.0.3626.121, webStorageEnabled: true}&#10;Session ID: 747b66fe121d4318d8ffcb9a2e135c25" type="org.openqa.selenium.StaleElementReferenceException">org.openqa.selenium.StaleElementReferenceException: 
stale element reference: element is not attached to the page document
  (Session info: chrome=72.0.3626.121)
  (Driver info: chromedriver=2.46.628411 (3324f4c8be9ff2f70a05a30ebc72ffb013e1a71e),platform=Mac OS X 10.12.6 x86_64) (WARNING: The server did not provide any stacktrace information)
Command duration or timeout: 0 milliseconds
For documentation on this error, please visit: http://seleniumhq.org/exceptions/stale_element_reference.html
Build info: version: '3.14.0', revision: 'aacccce0', time: '2018-08-02T20:19:58.91Z'
System info: host: 'MacBook-Pro-Konstantin.local', ip: 'fe80:0:0:0:1c05:45ab:b777:ed96%en0', os.name: 'Mac OS X', os.arch: 'x86_64', os.version: '10.12.6', java.version: '1.8.0_201'
Driver info: org.openqa.selenium.chrome.ChromeDriver
Capabilities {acceptInsecureCerts: false, acceptSslCerts: false, applicationCacheEnabled: false, browserConnectionEnabled: false, browserName: chrome, chrome: {chromedriverVersion: 2.46.628411 (3324f4c8be9ff2..., userDataDir: /var/folders/1r/wjzc4zts3sb...}, cssSelectorsEnabled: true, databaseEnabled: false, goog:chromeOptions: {debuggerAddress: localhost:50911}, handlesAlerts: true, hasTouchScreen: false, javascriptEnabled: true, locationContextEnabled: true, mobileEmulationEnabled: false, nativeEvents: true, networkConnectionEnabled: false, pageLoadStrategy: normal, platform: MAC, platformName: MAC, proxy: Proxy(), rotatable: false, setWindowRect: true, strictFileInteractability: false, takesHeapSnapshot: true, takesScreenshot: true, timeouts: {implicit: 0, pageLoad: 300000, script: 30000}, unexpectedAlertBehaviour: ignore, unhandledPromptBehavior: ignore, version: 72.0.3626.121, webStorageEnabled: true}
Session ID: 747b66fe121d4318d8ffcb9a2e135c25
	at HotelPageTest.isPossibleToSaveValidCity(HotelPageTest.java:278)
</failure>
    <system-err><![CDATA[Starting ChromeDriver 2.46.628411 (3324f4c8be9ff2f70a05a30ebc72ffb013e1a71e) on port 8063
Only local connections are allowed.
Please protect ports used by ChromeDriver and related test frameworks to prevent access by malicious code.
мар 06, 2019 8:54:51 PM org.openqa.selenium.remote.ProtocolHandshake createSession
INFO: Detected dialect: OSS
]]></system-err>
  </testcase>
  <testcase name="isPossibleToSaveValidCountry" classname="HotelPageTest" time="0.439"/>
  <testcase name="isPossibleToSaveValidDescription" classname="HotelPageTest" time="0.23"/>
  <testcase name="isPossibleToSaveValidNotes" classname="HotelPageTest" time="0.43"/>
  <testcase name="isPossibleToSaveValidRatingField" classname="HotelPageTest" time="0.315"/>
  <testcase name="isPossibleToSaveValidShortDescription" classname="HotelPageTest" time="0.416"/>
  <testcase name="nameFieldDisplayed" classname="HotelPageTest" time="0.284"/>
  <testcase name="nameFieldIsNotEmpty" classname="HotelPageTest" time="0.322"/>
  <testcase name="noteAlphanumericCharacters" classname="HotelPageTest" time="0.24"/>
  <testcase name="noteFieldIsDisplayed" classname="HotelPageTest" time="0.034"/>
  <testcase name="notesIsEditable" classname="HotelPageTest" time="0.301"/>
  <testcase name="shortDescriptionAlphanumericCharacters" classname="HotelPageTest" time="0.165"/>
  <testcase name="shortDescriptionAsteriskIsDisplayed" classname="HotelPageTest" time="0.034"/>
  <testcase name="shortDescriptionFieldIsEditable" classname="HotelPageTest" time="0.286"/>
  <testcase name="shortDescriptionIsDisplayed" classname="HotelPageTest" time="0.027"/>
  <testcase name="dataSectionIsDisplayed" classname="MainPageTest" time="0.035"/>
  <testcase name="registerHotelPageIsDisplayed" classname="MainPageTest" time="0.037"/>
  <testcase name="saveButtonIsDisplayed" classname="MainPageTest" time="0.034"/>
</testsuite>